{
  "Minitest": {
    "coverage": {
      "/Users/ashicksheriff/Workspace/Work/GemPoc/test/controllers/home_controller_test.rb": {
        "lines": [
          1,
          null,
          1,
          null,
          null,
          null,
          null
        ]
      }
    },
    "timestamp": 1714736321
  },
  "RSpec": {
    "coverage": {
      "/Users/ashicksheriff/Workspace/Work/GemPoc/app/helpers/application_helper.rb": {
        "lines": [
          1,
          null
        ]
      },
      "/Users/ashicksheriff/Workspace/Work/GemPoc/app/helpers/home_helper.rb": {
        "lines": [
          1,
          null
        ]
      },
      "/Users/ashicksheriff/Workspace/Work/GemPoc/app/helpers/users_helper.rb": {
        "lines": [
          1,
          null
        ]
      },
      "/Users/ashicksheriff/Workspace/Work/GemPoc/app/models/user.rb": {
        "lines": [
          1,
          1,
          1,
          null
        ]
      },
      "/Users/ashicksheriff/Workspace/Work/GemPoc/app/models/application_record.rb": {
        "lines": [
          1,
          1,
          null
        ]
      },
      "/Users/ashicksheriff/Workspace/Work/GemPoc/app/channels/application_cable/channel.rb": {
        "lines": [
          0,
          0,
          0,
          0
        ],
        "branches": {
        }
      },
      "/Users/ashicksheriff/Workspace/Work/GemPoc/app/channels/application_cable/connection.rb": {
        "lines": [
          0,
          0,
          0,
          0
        ],
        "branches": {
        }
      },
      "/Users/ashicksheriff/Workspace/Work/GemPoc/app/controllers/application_controller.rb": {
        "lines": [
          0,
          0
        ],
        "branches": {
        }
      },
      "/Users/ashicksheriff/Workspace/Work/GemPoc/app/controllers/home_controller.rb": {
        "lines": [
          0,
          0,
          0,
          0
        ],
        "branches": {
        }
      },
      "/Users/ashicksheriff/Workspace/Work/GemPoc/app/controllers/users_controller.rb": {
        "lines": [
          null,
          null,
          0,
          0,
          null,
          0,
          0,
          0,
          null,
          0,
          0,
          0,
          null,
          0,
          0,
          0,
          0,
          0,
          0,
          0,
          0,
          null,
          0,
          0,
          null,
          0,
          0,
          0,
          0,
          0,
          0,
          0,
          null,
          0,
          null,
          0,
          0,
          0,
          null,
          0,
          0,
          0,
          0
        ],
        "branches": {
        }
      },
      "/Users/ashicksheriff/Workspace/Work/GemPoc/app/jobs/application_job.rb": {
        "lines": [
          0,
          null,
          null,
          null,
          null,
          null,
          0
        ],
        "branches": {
        }
      },
      "/Users/ashicksheriff/Workspace/Work/GemPoc/app/mailers/application_mailer.rb": {
        "lines": [
          0,
          0,
          0,
          0
        ],
        "branches": {
        }
      }
    },
    "timestamp": 1714849474
  }
}
